<?xml version="1.0" encoding="UTF-8"?>
<testng-results ignored="0" total="2" passed="2" failed="0" skipped="0">
  <reporter-output>
  </reporter-output>
  <suite started-at="2024-04-04T21:32:27 EDT" name="Osprey TDD Framework" finished-at="2024-04-04T21:32:36 EDT" duration-ms="8770">
    <groups>
    </groups>
    <test started-at="2024-04-04T21:32:27 EDT" name="Running with Class" finished-at="2024-04-04T21:32:36 EDT" duration-ms="8770">
      <class name="tek.tdd.test.adhoc.ProfileUpdate">
        <test-method is-config="true" signature="initiateTestMethod()[pri:0, instance:tek.tdd.test.adhoc.ProfileUpdate@5be067de]" started-at="2024-04-04T21:32:28 EDT" name="initiateTestMethod" finished-at="2024-04-04T21:32:31 EDT" duration-ms="3355" status="PASS">
          <reporter-output>
          </reporter-output>
        </test-method> <!-- initiateTestMethod -->
        <test-method signature="runtTestSample()[pri:0, instance:tek.tdd.test.adhoc.ProfileUpdate@5be067de]" started-at="2024-04-04T21:32:31 EDT" name="runtTestSample" finished-at="2024-04-04T21:32:31 EDT" duration-ms="15" status="PASS">
          <reporter-output>
          </reporter-output>
        </test-method> <!-- runtTestSample -->
        <test-method is-config="true" signature="endTestMethod(org.testng.ITestResult)[pri:0, instance:tek.tdd.test.adhoc.ProfileUpdate@5be067de]" started-at="2024-04-04T21:32:31 EDT" name="endTestMethod" finished-at="2024-04-04T21:32:31 EDT" duration-ms="113" status="PASS">
          <params>
            <param index="0">
              <value>
                <![CDATA[[TestResult name=runtTestSample status=SUCCESS method=ProfileUpdate.runtTestSample()[pri:0, instance:tek.tdd.test.adhoc.ProfileUpdate@5be067de] output={null}]]]>
              </value>
            </param>
          </params>
          <reporter-output>
          </reporter-output>
        </test-method> <!-- endTestMethod -->
        <test-method is-config="true" signature="initiateTestMethod()[pri:0, instance:tek.tdd.test.adhoc.ProfileUpdate@5be067de]" started-at="2024-04-04T21:32:31 EDT" name="initiateTestMethod" finished-at="2024-04-04T21:32:33 EDT" duration-ms="2189" status="PASS">
          <reporter-output>
          </reporter-output>
        </test-method> <!-- initiateTestMethod -->
        <test-method signature="updateProfileOfUser(java.lang.String,java.lang.String,java.lang.String,java.lang.String)[pri:0, instance:tek.tdd.test.adhoc.ProfileUpdate@5be067de]" started-at="2024-04-04T21:32:33 EDT" name="updateProfileOfUser" data-provider="UserProfileData" finished-at="2024-04-04T21:32:36 EDT" duration-ms="2471" status="PASS">
          <params>
            <param index="0">
              <value>
                <![CDATA[ospreylab_session@tekschool.us]]>
              </value>
            </param>
            <param index="1">
              <value>
                <![CDATA[12345@Tek]]>
              </value>
            </param>
            <param index="2">
              <value>
                <![CDATA[OsreyLabSession]]>
              </value>
            </param>
            <param index="3">
              <value>
                <![CDATA[202-543-4563]]>
              </value>
            </param>
          </params>
          <reporter-output>
          </reporter-output>
        </test-method> <!-- updateProfileOfUser -->
        <test-method is-config="true" signature="endTestMethod(org.testng.ITestResult)[pri:0, instance:tek.tdd.test.adhoc.ProfileUpdate@5be067de]" started-at="2024-04-04T21:32:36 EDT" name="endTestMethod" finished-at="2024-04-04T21:32:36 EDT" duration-ms="113" status="PASS">
          <params>
            <param index="0">
              <value>
                <![CDATA[[TestResult name=updateProfileOfUser status=SUCCESS method=ProfileUpdate.updateProfileOfUser(java.lang.String,java.lang.String,java.lang.String,java.lang.String)[pri:0, instance:tek.tdd.test.adhoc.ProfileUpdate@5be067de] output={null}]]]>
              </value>
            </param>
          </params>
          <reporter-output>
          </reporter-output>
        </test-method> <!-- endTestMethod -->
      </class> <!-- tek.tdd.test.adhoc.ProfileUpdate -->
    </test> <!-- Running with Class -->
  </suite> <!-- Osprey TDD Framework -->
</testng-results>
