<?xml version="1.0" encoding="UTF-8"?>
<testsuite xmlns:xsi="http://www.w3.org/2001/XMLSchema-instance" xsi:noNamespaceSchemaLocation="https://maven.apache.org/surefire/maven-surefire-plugin/xsd/surefire-test-report-3.0.xsd" version="3.0" name="TestSuite" time="11.26" tests="2" errors="0" skipped="0" failures="0">
  <properties>
[...]
</properties>
  <testcase name="runtTestSample" classname="tek.tdd.test.adhoc.ProfileUpdate" time="0.024">
    <system-out><![CDATA[21:32:27.295 [main] DEBUG org.testng.TestNG - suiteXmlPath: "/Users/shamsmehry/Desktop/Osprey/tek-osprey-retail-tdd-lab/src/test/resources/runner/runner.xml"
21:32:27.578 [main] INFO  tek.tdd.base.BaseSetup - Configuration File Path /Users/shamsmehry/Desktop/Osprey/tek-osprey-retail-tdd-lab/src/test/resources/config/application-config.properties
21:32:28.162 [main] DEBUG tek.tdd.base.BaseSetup - Retrieving Property for key ui.url
21:32:28.163 [main] DEBUG tek.tdd.base.BaseSetup - Property Value https://retail.tekschool-students.com/
21:32:28.163 [main] DEBUG tek.tdd.base.BaseSetup - Retrieving Property for key ui.browser
21:32:28.163 [main] DEBUG tek.tdd.base.BaseSetup - Property Value chrome
21:32:28.164 [main] DEBUG tek.tdd.base.BaseSetup - Retrieving Property for key ui.isHeadless
21:32:28.164 [main] DEBUG tek.tdd.base.BaseSetup - Property Value true
21:32:31.445 [main] INFO  tek.tdd.base.BaseSetup - Configuration File Path /Users/shamsmehry/Desktop/Osprey/tek-osprey-retail-tdd-lab/src/test/resources/config/application-config.properties
Running and empty Test
]]></system-out>
    <system-err><![CDATA[Apr 04, 2024 9:32:30 PM org.openqa.selenium.devtools.CdpVersionFinder findNearestMatch
WARNING: Unable to find an exact match for CDP version 123, returning the closest version; found: 122; Please update to a Selenium version that supports CDP version 123
]]></system-err>
  </testcase>
  <testcase name="updateProfileOfUser[ospreylab_session@tekschool.us, 12345@Tek, OsreyLabSession, 202-543-4563](1)" classname="tek.tdd.test.adhoc.ProfileUpdate" time="2.469">
    <system-out><![CDATA[21:32:31.577 [main] DEBUG tek.tdd.base.BaseSetup - Closing Browser
21:32:31.692 [main] DEBUG tek.tdd.base.BaseSetup - Retrieving Property for key ui.url
21:32:31.692 [main] DEBUG tek.tdd.base.BaseSetup - Property Value https://retail.tekschool-students.com/
21:32:31.692 [main] DEBUG tek.tdd.base.BaseSetup - Retrieving Property for key ui.browser
21:32:31.693 [main] DEBUG tek.tdd.base.BaseSetup - Property Value chrome
21:32:31.693 [main] DEBUG tek.tdd.base.BaseSetup - Retrieving Property for key ui.isHeadless
21:32:31.693 [main] DEBUG tek.tdd.base.BaseSetup - Property Value true
21:32:33.875 [main] INFO  tek.tdd.base.BaseSetup - Configuration File Path /Users/shamsmehry/Desktop/Osprey/tek-osprey-retail-tdd-lab/src/test/resources/config/application-config.properties
21:32:34.148 [main] INFO  tek.tdd.utilities.SeleniumUtilities - Clicking on Element [[ChromeDriver: chrome-headless-shell on mac (25c56e764f07b5b4ce8a102ba945d0f5)] -> id: signinLink]
21:32:34.531 [main] INFO  tek.tdd.utilities.SeleniumUtilities - Send Key to Element [[ChromeDriver: chrome-headless-shell on mac (25c56e764f07b5b4ce8a102ba945d0f5)] -> id: email] with Value ospreylab_session@tekschool.us
21:32:34.915 [main] INFO  tek.tdd.utilities.SeleniumUtilities - Send Key to Element [[ChromeDriver: chrome-headless-shell on mac (25c56e764f07b5b4ce8a102ba945d0f5)] -> id: password] with Value 12345@Tek
21:32:35.072 [main] INFO  tek.tdd.utilities.SeleniumUtilities - Clicking on Element [[ChromeDriver: chrome-headless-shell on mac (25c56e764f07b5b4ce8a102ba945d0f5)] -> id: loginBtn]
21:32:35.201 [main] INFO  tek.tdd.utilities.SeleniumUtilities - Checking Element is Displayed [[ChromeDriver: chrome-headless-shell on mac (25c56e764f07b5b4ce8a102ba945d0f5)] -> id: loginBtn]
21:32:35.470 [main] INFO  tek.tdd.utilities.SeleniumUtilities - Clicking on Element [[ChromeDriver: chrome-headless-shell on mac (25c56e764f07b5b4ce8a102ba945d0f5)] -> id: accountLink]
21:32:35.719 [main] INFO  tek.tdd.utilities.SeleniumUtilities - Clearing the input field and entering new value: OsreyLabSession
21:32:36.026 [main] INFO  tek.tdd.utilities.SeleniumUtilities - Clearing the input field and entering new value: 202-543-4563
21:32:36.279 [main] INFO  tek.tdd.utilities.SeleniumUtilities - Checking Element is Displayed [[ChromeDriver: chrome-headless-shell on mac (25c56e764f07b5b4ce8a102ba945d0f5)] -> id: personalUpdateBtn]
]]></system-out>
    <system-err><![CDATA[Apr 04, 2024 9:32:32 PM org.openqa.selenium.devtools.CdpVersionFinder findNearestMatch
WARNING: Unable to find an exact match for CDP version 123, returning the closest version; found: 122; Please update to a Selenium version that supports CDP version 123
]]></system-err>
  </testcase>
</testsuite>